<?xml version="1.0" encoding="UTF-8"?>
<!-- Generated by org.testng.reporters.JUnitReportReporter -->
<testsuite skipped="0" hostname="DESKTOP-8C5SJR8" name="Besic_Learning_TestNG.parademo" tests="1" failures="0" timestamp="11 Dec 2020 14:43:57 GMT" time="13.363" errors="0">
  <testcase name="rediff" time="13.363" classname="Besic_Learning_TestNG.parademo"/>
</testsuite> <!-- Besic_Learning_TestNG.parademo -->
