<?xml version="1.0" encoding="UTF-8"?>
<!-- Generated by org.testng.reporters.JUnitReportReporter -->
<testsuite skipped="0" hostname="DESKTOP-8C5SJR8" name="Besic_Learning_TestNG.TesnNgePractice" tests="5" failures="0" timestamp="14 Dec 2020 17:40:09 GMT" time="0.072" errors="0">
  <testcase name="m12" time="0.018" classname="Besic_Learning_TestNG.TesnNgePractice"/>
  <testcase name="m4" time="0.021" classname="Besic_Learning_TestNG.TesnNgePractice"/>
  <testcase name="m13" time="0.016" classname="Besic_Learning_TestNG.TesnNgePractice"/>
  <testcase name="m7" time="0.005" classname="Besic_Learning_TestNG.TesnNgePractice"/>
  <testcase name="m1" time="0.012" classname="Besic_Learning_TestNG.TesnNgePractice"/>
</testsuite> <!-- Besic_Learning_TestNG.TesnNgePractice -->
