<?xml version="1.0" encoding="UTF-8"?>
<!-- Generated by org.testng.reporters.JUnitReportReporter -->
<testsuite skipped="0" hostname="DESKTOP-8C5SJR8" name="Besic_Learning_TestNG.DependsOnGroupPractice" tests="5" failures="0" timestamp="24 Dec 2020 12:22:25 GMT" time="0.020" errors="0">
  <testcase name="m3" time="0.004" classname="Besic_Learning_TestNG.DependsOnGroupPractice"/>
  <testcase name="m4" time="0.002" classname="Besic_Learning_TestNG.DependsOnGroupPractice"/>
  <testcase name="m5" time="0.004" classname="Besic_Learning_TestNG.DependsOnGroupPractice"/>
  <testcase name="m1" time="0.002" classname="Besic_Learning_TestNG.DependsOnGroupPractice"/>
  <testcase name="m2" time="0.008" classname="Besic_Learning_TestNG.DependsOnGroupPractice"/>
</testsuite> <!-- Besic_Learning_TestNG.DependsOnGroupPractice -->
