<?xml version="1.0" encoding="UTF-8"?>
<!-- Generated by org.testng.reporters.JUnitReportReporter -->
<testsuite skipped="0" hostname="DESKTOP-8C5SJR8" name="Besic_Learning_TestNG.DependsOnGroup1" tests="3" failures="0" timestamp="11 Dec 2020 09:11:35 GMT" time="0.024" errors="0">
  <testcase name="m3" time="0.003" classname="Besic_Learning_TestNG.DependsOnGroup1"/>
  <testcase name="m2" time="0.013" classname="Besic_Learning_TestNG.DependsOnGroup1"/>
  <testcase name="m4" time="0.008" classname="Besic_Learning_TestNG.DependsOnGroup1"/>
</testsuite> <!-- Besic_Learning_TestNG.DependsOnGroup1 -->
