<?xml version="1.0" encoding="UTF-8"?>
<!-- Generated by org.testng.reporters.JUnitReportReporter -->
<testsuite skipped="1" hostname="DESKTOP-8C5SJR8" name="DataPrividerDemo.ReadXlsxFile" tests="1" failures="0" timestamp="24 Dec 2020 12:14:20 GMT" time="0.000" errors="0">
  <testcase name="StudetntInfo" time="0.000" classname="DataPrividerDemo.ReadXlsxFile">
    <skipped/>
  </testcase> <!-- StudetntInfo -->
</testsuite> <!-- DataPrividerDemo.ReadXlsxFile -->
