<?xml version="1.0" encoding="UTF-8"?>
<!-- Generated by org.testng.reporters.JUnitReportReporter -->
<testsuite skipped="0" hostname="DESKTOP-8C5SJR8" name="ListnerClass" tests="1" failures="0" timestamp="13 Dec 2020 05:57:18 GMT" time="0.014" errors="0">
  <testcase name="add" time="0.014" classname="ListnerClass"/>
</testsuite> <!-- ListnerClass -->
