<?xml version="1.0" encoding="UTF-8"?>
<!-- Generated by org.testng.reporters.JUnitReportReporter -->
<testsuite skipped="0" hostname="DESKTOP-8C5SJR8" name="DataPrividerDemo.ReadCSVFile" tests="3" failures="0" timestamp="24 Dec 2020 12:13:24 GMT" time="0.012" errors="0">
  <testcase name="StudentInfo" time="0.007" classname="DataPrividerDemo.ReadCSVFile"/>
  <testcase name="StudentInfo" time="0.002" classname="DataPrividerDemo.ReadCSVFile"/>
  <testcase name="StudentInfo" time="0.003" classname="DataPrividerDemo.ReadCSVFile"/>
</testsuite> <!-- DataPrividerDemo.ReadCSVFile -->
