<?xml version="1.0" encoding="UTF-8"?>
<!-- Generated by org.testng.reporters.JUnitReportReporter -->
<testsuite skipped="0" hostname="DESKTOP-8C5SJR8" name="DependanciesDemo" tests="4" failures="0" timestamp="11 Dec 2020 15:30:44 GMT" time="15.054" errors="0">
  <testcase name="ReturnOnHome" time="3.074" classname="DependanciesDemo"/>
  <testcase name="NewCar" time="6.185" classname="DependanciesDemo"/>
  <testcase name="LandingPage" time="0.032" classname="DependanciesDemo"/>
  <testcase name="Calculator" time="5.763" classname="DependanciesDemo"/>
</testsuite> <!-- DependanciesDemo -->
