<?xml version="1.0" encoding="UTF-8"?>
<!-- Generated by org.testng.reporters.JUnitReportReporter -->
<testsuite skipped="0" hostname="DESKTOP-8C5SJR8" name="Besic_Learning_TestNG.DemoDependsonMetrhod" tests="4" failures="0" timestamp="24 Dec 2020 12:26:01 GMT" time="0.018" errors="0">
  <testcase name="m1" time="0.005" classname="Besic_Learning_TestNG.DemoDependsonMetrhod"/>
  <testcase name="m4" time="0.002" classname="Besic_Learning_TestNG.DemoDependsonMetrhod"/>
  <testcase name="m2" time="0.010" classname="Besic_Learning_TestNG.DemoDependsonMetrhod"/>
  <testcase name="m3" time="0.001" classname="Besic_Learning_TestNG.DemoDependsonMetrhod"/>
</testsuite> <!-- Besic_Learning_TestNG.DemoDependsonMetrhod -->
