<?xml version="1.0" encoding="UTF-8"?>
<!-- Generated by org.testng.reporters.JUnitReportReporter -->
<testsuite skipped="0" hostname="DESKTOP-8C5SJR8" name="DataPrividerDemo.SimpleDataProvider" tests="4" failures="0" timestamp="24 Dec 2020 12:05:56 GMT" time="0.012" errors="0">
  <testcase name="SudentInfo" time="0.008" classname="DataPrividerDemo.SimpleDataProvider"/>
  <testcase name="SudentInfo" time="0.002" classname="DataPrividerDemo.SimpleDataProvider"/>
  <testcase name="SudentInfo" time="0.001" classname="DataPrividerDemo.SimpleDataProvider"/>
  <testcase name="SudentInfo" time="0.001" classname="DataPrividerDemo.SimpleDataProvider"/>
</testsuite> <!-- DataPrividerDemo.SimpleDataProvider -->
