<?xml version="1.0" encoding="UTF-8"?>
<!-- Generated by org.testng.reporters.JUnitReportReporter -->
<testsuite skipped="0" hostname="DESKTOP-8C5SJR8" name="DataPrividerDemo.DataproviderDemo111" tests="3" failures="0" timestamp="12 Dec 2020 15:43:49 GMT" time="0.012" errors="0">
  <testcase name="DataMatrix" time="0.009" classname="DataPrividerDemo.DataproviderDemo111"/>
  <testcase name="DataMatrix" time="0.001" classname="DataPrividerDemo.DataproviderDemo111"/>
  <testcase name="DataMatrix" time="0.002" classname="DataPrividerDemo.DataproviderDemo111"/>
</testsuite> <!-- DataPrividerDemo.DataproviderDemo111 -->
